c:\users\itc_admin\desktop\itc\precourse\c\precoursecexercises\precoursecexercises\debug\vc140.pdb
c:\users\itc_admin\desktop\itc\precourse\c\precoursecexercises\precoursecexercises\debug\vc140.idb
c:\users\itc_admin\desktop\itc\precourse\c\precoursecexercises\precoursecexercises\debug\person.obj
c:\users\itc_admin\desktop\itc\precourse\c\precoursecexercises\precoursecexercises\debug\source.obj
c:\users\itc_admin\desktop\itc\c\4 - modularity\moduleproject\precoursecexercises\debug\vc140.pdb
c:\users\itc_admin\desktop\itc\c\4 - modularity\moduleproject\precoursecexercises\debug\vc140.idb
c:\users\itc_admin\desktop\itc\c\4 - modularity\moduleproject\precoursecexercises\debug\person.obj
c:\users\itc_admin\desktop\itc\c\4 - modularity\moduleproject\precoursecexercises\debug\source.obj
c:\users\itc_admin\desktop\itc\precourse\c\precoursecexercises\debug\precoursecexercises.ilk
c:\users\itc_admin\desktop\itc\precourse\c\precoursecexercises\debug\precoursecexercises.exe
c:\users\itc_admin\desktop\itc\precourse\c\precoursecexercises\debug\precoursecexercises.pdb
c:\users\itc_admin\desktop\itc\c\4 - modularity\moduleproject\debug\precoursecexercises.ilk
c:\users\itc_admin\desktop\itc\c\4 - modularity\moduleproject\debug\precoursecexercises.exe
c:\users\itc_admin\desktop\itc\c\4 - modularity\moduleproject\debug\precoursecexercises.pdb
c:\users\itc_admin\desktop\itc\c\4 - modularity\moduleproject\precoursecexercises\debug\precours.0cda1f6e.tlog\cl.command.1.tlog
c:\users\itc_admin\desktop\itc\c\4 - modularity\moduleproject\precoursecexercises\debug\precours.0cda1f6e.tlog\cl.read.1.tlog
c:\users\itc_admin\desktop\itc\c\4 - modularity\moduleproject\precoursecexercises\debug\precours.0cda1f6e.tlog\cl.write.1.tlog
c:\users\itc_admin\desktop\itc\c\4 - modularity\moduleproject\precoursecexercises\debug\precours.0cda1f6e.tlog\link.command.1.tlog
c:\users\itc_admin\desktop\itc\c\4 - modularity\moduleproject\precoursecexercises\debug\precours.0cda1f6e.tlog\link.read.1.tlog
c:\users\itc_admin\desktop\itc\c\4 - modularity\moduleproject\precoursecexercises\debug\precours.0cda1f6e.tlog\link.write.1.tlog
