C:\Program Files (x86)\MSBuild\Microsoft.Cpp\v4.0\V140\Microsoft.CppBuild.targets(392,5): warning MSB8028: The intermediate directory (Debug\) contains files shared from another project (PreCourseCExercises.vcxproj).  This can lead to incorrect clean and rebuild behavior.
  Source.c
c:\users\itc_admin\desktop\itc\c\4 - modularity\ceasercypher\precoursecexercises\source.c(21): warning C4013: 'exit' undefined; assuming extern returning int
c:\users\itc_admin\desktop\itc\c\4 - modularity\ceasercypher\precoursecexercises\source.c(18): warning C4996: 'fopen': This function or variable may be unsafe. Consider using fopen_s instead. To disable deprecation, use _CRT_SECURE_NO_WARNINGS. See online help for details.
  c:\program files (x86)\windows kits\10\include\10.0.10240.0\ucrt\stdio.h(205): note: see declaration of 'fopen'
c:\users\itc_admin\desktop\itc\c\4 - modularity\ceasercypher\precoursecexercises\source.c(25): warning C4996: 'fscanf': This function or variable may be unsafe. Consider using fscanf_s instead. To disable deprecation, use _CRT_SECURE_NO_WARNINGS. See online help for details.
  c:\program files (x86)\windows kits\10\include\10.0.10240.0\ucrt\stdio.h(1193): note: see declaration of 'fscanf'
c:\users\itc_admin\desktop\itc\c\4 - modularity\ceasercypher\precoursecexercises\source.c(35): warning C4996: 'fopen': This function or variable may be unsafe. Consider using fopen_s instead. To disable deprecation, use _CRT_SECURE_NO_WARNINGS. See online help for details.
  c:\program files (x86)\windows kits\10\include\10.0.10240.0\ucrt\stdio.h(205): note: see declaration of 'fopen'
c:\users\itc_admin\desktop\itc\c\4 - modularity\ceasercypher\precoursecexercises\source.c(55): warning C4013: 'malloc' undefined; assuming extern returning int
c:\users\itc_admin\desktop\itc\c\4 - modularity\ceasercypher\precoursecexercises\source.c(55): warning C4047: ':': 'std::size_t' differs in levels of indirection from 'char [1]'
c:\users\itc_admin\desktop\itc\c\4 - modularity\ceasercypher\precoursecexercises\source.c(60): warning C4098: 'main': 'void' function returning a value
c:\users\itc_admin\desktop\itc\c\4 - modularity\ceasercypher\precoursecexercises\source.c(67): warning C4098: 'main': 'void' function returning a value
c:\users\itc_admin\desktop\itc\c\4 - modularity\ceasercypher\precoursecexercises\source.c(91): warning C4047: 'function': 'char *' differs in levels of indirection from 'char (*)[255]'
c:\users\itc_admin\desktop\itc\c\4 - modularity\ceasercypher\precoursecexercises\source.c(91): warning C4024: 'EncryptCeasar': different types for formal and actual parameter 1
c:\users\itc_admin\desktop\itc\c\4 - modularity\ceasercypher\precoursecexercises\source.c(91): warning C4047: 'function': 'const char *' differs in levels of indirection from 'char (*)[255]'
c:\users\itc_admin\desktop\itc\c\4 - modularity\ceasercypher\precoursecexercises\source.c(91): warning C4024: 'EncryptCeasar': different types for formal and actual parameter 2
c:\users\itc_admin\desktop\itc\c\4 - modularity\ceasercypher\precoursecexercises\source.c(98): warning C4047: 'function': 'char *' differs in levels of indirection from 'char (*)[255]'
c:\users\itc_admin\desktop\itc\c\4 - modularity\ceasercypher\precoursecexercises\source.c(98): warning C4024: 'DecryptCesar': different types for formal and actual parameter 1
c:\users\itc_admin\desktop\itc\c\4 - modularity\ceasercypher\precoursecexercises\source.c(98): warning C4047: 'function': 'const char *' differs in levels of indirection from 'char (*)[255]'
c:\users\itc_admin\desktop\itc\c\4 - modularity\ceasercypher\precoursecexercises\source.c(98): warning C4024: 'DecryptCesar': different types for formal and actual parameter 2
c:\users\itc_admin\desktop\itc\c\4 - modularity\ceasercypher\precoursecexercises\source.c(111): warning C4098: 'main': 'void' function returning a value
c:\users\itc_admin\desktop\itc\c\4 - modularity\ceasercypher\precoursecexercises\source.c(55): warning C4047: 'initializing': 'char *' differs in levels of indirection from 'int'
c:\users\itc_admin\desktop\itc\c\4 - modularity\ceasercypher\precoursecexercises\source.c(79): warning C4996: 'scanf': This function or variable may be unsafe. Consider using scanf_s instead. To disable deprecation, use _CRT_SECURE_NO_WARNINGS. See online help for details.
  c:\program files (x86)\windows kits\10\include\10.0.10240.0\ucrt\stdio.h(1270): note: see declaration of 'scanf'
c:\users\itc_admin\desktop\itc\c\4 - modularity\ceasercypher\precoursecexercises\source.c(49): warning C4100: 'argc': unreferenced formal parameter
c:\users\itc_admin\desktop\itc\c\4 - modularity\ceasercypher\precoursecexercises\source.c(30): warning C4172: returning address of local variable or temporary: inputString
  PreCourseCExercises.vcxproj -> C:\Users\itc_admin\Desktop\ITC\C\4 - Modularity\CeaserCypher\Debug\CeaserCypher.exe
  PreCourseCExercises.vcxproj -> C:\Users\itc_admin\Desktop\ITC\C\4 - Modularity\CeaserCypher\Debug\CeaserCypher.pdb (Full PDB)
